<?xml version="1.0" encoding="utf-8"?>
<coverage line-rate="0.2789" branch-rate="0.2859" version="1.9" timestamp="1759325003" lines-covered="821" lines-valid="2943" branches-covered="290" branches-valid="1014">
  <sources>
    <source>C:\Users\siveg\OneDrive\Έγγραφα\PROJECTS\Ergoplanner\Ergoplanner_v1\backend\src\Ergoplanner.Domain\</source>
  </sources>
  <packages>
    <package name="Ergoplanner.Domain" line-rate="0.2789" branch-rate="0.2859" complexity="1482">
      <classes>
        <class name="Ergoplanner.Domain.ValueObjects.ConnectionPoint" filename="ValueObjects\ConnectionPoint.cs" line-rate="0.43420000000000003" branch-rate="0.36469999999999997" complexity="108">
          <methods>
            <method name="get_Id" signature="()" line-rate="1" branch-rate="1" complexity="1">
              <lines>
                <line number="13" hits="5" branch="False" />
              </lines>
            </method>
            <method name="get_Type" signature="()" line-rate="1" branch-rate="1" complexity="1">
              <lines>
                <line number="18" hits="9" branch="False" />
              </lines>
            </method>
            <method name="get_X" signature="()" line-rate="0" branch-rate="1" complexity="1">
              <lines>
                <line number="23" hits="0" branch="False" />
              </lines>
            </method>
            <method name="get_Y" signature="()" line-rate="0" branch-rate="1" complexity="1">
              <lines>
                <line number="28" hits="0" branch="False" />
              </lines>
            </method>
            <method name="get_Direction" signature="()" line-rate="0" branch-rate="1" complexity="1">
              <lines>
                <line number="33" hits="0" branch="False" />
              </lines>
            </method>
            <method name="get_Size" signature="()" line-rate="1" branch-rate="1" complexity="1">
              <lines>
                <line number="38" hits="10" branch="False" />
              </lines>
            </method>
            <method name="get_PressureRating" signature="()" line-rate="1" branch-rate="1" complexity="1">
              <lines>
                <line number="43" hits="5" branch="False" />
              </lines>
            </method>
            <method name="get_ServiceType" signature="()" line-rate="1" branch-rate="1" complexity="1">
              <lines>
                <line number="48" hits="6" branch="False" />
              </lines>
            </method>
            <method name="get_Description" signature="()" line-rate="0" branch-rate="1" complexity="1">
              <lines>
                <line number="53" hits="0" branch="False" />
              </lines>
            </method>
            <method name="get_IsRequired" signature="()" line-rate="0" branch-rate="1" complexity="1">
              <lines>
                <line number="58" hits="0" branch="False" />
              </lines>
            </method>
            <method name="get_AllowsMultipleConnections" signature="()" line-rate="0" branch-rate="1" complexity="1">
              <lines>
                <line number="63" hits="0" branch="False" />
              </lines>
            </method>
            <method name="get_MinLineSize" signature="()" line-rate="0" branch-rate="1" complexity="1">
              <lines>
                <line number="68" hits="0" branch="False" />
              </lines>
            </method>
            <method name="get_MaxLineSize" signature="()" line-rate="0" branch-rate="1" complexity="1">
              <lines>
                <line number="73" hits="0" branch="False" />
              </lines>
            </method>
            <method name="get_CompatibleTypes" signature="()" line-rate="1" branch-rate="1" complexity="1">
              <lines>
                <line number="78" hits="4" branch="False" />
              </lines>
            </method>
            <method name="CanConnectTo" signature="(Ergoplanner.Domain.ValueObjects.ConnectionPoint)" line-rate="0.4736" branch-rate="0.45" complexity="20">
              <lines>
                <line number="121" hits="4" branch="False" />
                <line number="122" hits="4" branch="True" condition-coverage="50% (1/2)">
                  <conditions>
                    <condition number="10" type="jump" coverage="50%" />
                  </conditions>
                </line>
                <line number="123" hits="0" branch="False" />
                <line number="126" hits="4" branch="True" condition-coverage="50% (2/4)">
                  <conditions>
                    <condition number="36" type="jump" coverage="50%" />
                    <condition number="63" type="jump" coverage="50%" />
                  </conditions>
                </line>
                <line number="127" hits="0" branch="False" />
                <line number="130" hits="4" branch="True" condition-coverage="50% (2/4)">
                  <conditions>
                    <condition number="83" type="jump" coverage="50%" />
                    <condition number="104" type="jump" coverage="50%" />
                  </conditions>
                </line>
                <line number="131" hits="0" branch="False" />
                <line number="132" hits="0" branch="True" condition-coverage="0% (0/2)">
                  <conditions>
                    <condition number="132" type="jump" coverage="0%" />
                  </conditions>
                </line>
                <line number="133" hits="0" branch="False" />
                <line number="134" hits="0" branch="False" />
                <line number="137" hits="4" branch="True" condition-coverage="50% (2/4)">
                  <conditions>
                    <condition number="150" type="jump" coverage="50%" />
                    <condition number="173" type="jump" coverage="50%" />
                  </conditions>
                </line>
                <line number="138" hits="0" branch="False" />
                <line number="140" hits="0" branch="True" condition-coverage="0% (0/2)">
                  <conditions>
                    <condition number="201" type="jump" coverage="0%" />
                  </conditions>
                </line>
                <line number="141" hits="0" branch="False" />
                <line number="142" hits="0" branch="False" />
                <line number="145" hits="4" branch="True" condition-coverage="100% (2/2)">
                  <conditions>
                    <condition number="232" type="jump" coverage="100%" />
                  </conditions>
                </line>
                <line number="146" hits="1" branch="False" />
                <line number="148" hits="3" branch="False" />
                <line number="149" hits="4" branch="False" />
              </lines>
            </method>
            <method name="GetConnectionEndPoint" signature="(System.Double)" line-rate="0" branch-rate="1" complexity="1">
              <lines>
                <line number="155" hits="0" branch="False" />
                <line number="156" hits="0" branch="False" />
                <line number="157" hits="0" branch="False" />
                <line number="158" hits="0" branch="False" />
                <line number="159" hits="0" branch="False" />
                <line number="160" hits="0" branch="False" />
              </lines>
            </method>
            <method name="IsWithinConnectionRange" signature="(Ergoplanner.Domain.ValueObjects.ConnectionPoint,System.Double)" line-rate="0" branch-rate="0" complexity="2">
              <lines>
                <line number="166" hits="0" branch="False" />
                <line number="167" hits="0" branch="True" condition-coverage="0% (0/2)">
                  <conditions>
                    <condition number="10" type="jump" coverage="0%" />
                  </conditions>
                </line>
                <line number="168" hits="0" branch="False" />
                <line number="170" hits="0" branch="False" />
                <line number="171" hits="0" branch="False" />
                <line number="172" hits="0" branch="False" />
              </lines>
            </method>
            <method name="GetAngleTo" signature="(Ergoplanner.Domain.ValueObjects.ConnectionPoint)" line-rate="0" branch-rate="0" complexity="2">
              <lines>
                <line number="178" hits="0" branch="False" />
                <line number="179" hits="0" branch="True" condition-coverage="0% (0/2)">
                  <conditions>
                    <condition number="10" type="jump" coverage="0%" />
                  </conditions>
                </line>
                <line number="180" hits="0" branch="False" />
                <line number="182" hits="0" branch="False" />
                <line number="183" hits="0" branch="False" />
                <line number="184" hits="0" branch="False" />
                <line number="186" hits="0" branch="False" />
                <line number="187" hits="0" branch="False" />
              </lines>
            </method>
            <method name="WithPosition" signature="(System.Double,System.Double)" line-rate="0" branch-rate="1" complexity="1">
              <lines>
                <line number="193" hits="0" branch="False" />
                <line number="194" hits="0" branch="False" />
                <line number="195" hits="0" branch="False" />
                <line number="196" hits="0" branch="False" />
                <line number="197" hits="0" branch="False" />
                <line number="198" hits="0" branch="False" />
                <line number="199" hits="0" branch="False" />
              </lines>
            </method>
            <method name="WithDirection" signature="(System.Double)" line-rate="0" branch-rate="1" complexity="1">
              <lines>
                <line number="205" hits="0" branch="False" />
                <line number="206" hits="0" branch="False" />
                <line number="207" hits="0" branch="False" />
                <line number="208" hits="0" branch="False" />
                <line number="209" hits="0" branch="False" />
                <line number="210" hits="0" branch="False" />
                <line number="211" hits="0" branch="False" />
              </lines>
            </method>
            <method name="WithSize" signature="(System.String)" line-rate="0" branch-rate="1" complexity="1">
              <lines>
                <line number="217" hits="0" branch="False" />
                <line number="218" hits="0" branch="False" />
                <line number="219" hits="0" branch="False" />
                <line number="220" hits="0" branch="False" />
                <line number="221" hits="0" branch="False" />
                <line number="222" hits="0" branch="False" />
                <line number="223" hits="0" branch="False" />
              </lines>
            </method>
            <method name="Equals" signature="(Ergoplanner.Domain.ValueObjects.ConnectionPoint)" line-rate="0" branch-rate="0" complexity="18">
              <lines>
                <line number="226" hits="0" branch="False" />
                <line number="227" hits="0" branch="True" condition-coverage="0% (0/2)">
                  <conditions>
                    <condition number="10" type="jump" coverage="0%" />
                  </conditions>
                </line>
                <line number="228" hits="0" branch="True" condition-coverage="0% (0/2)">
                  <conditions>
                    <condition number="25" type="jump" coverage="0%" />
                  </conditions>
                </line>
                <line number="230" hits="0" branch="True" condition-coverage="0% (0/14)">
                  <conditions>
                    <condition number="51" type="jump" coverage="0%" />
                    <condition number="68" type="jump" coverage="0%" />
                    <condition number="100" type="jump" coverage="0%" />
                    <condition number="129" type="jump" coverage="0%" />
                    <condition number="158" type="jump" coverage="0%" />
                    <condition number="177" type="jump" coverage="0%" />
                    <condition number="196" type="jump" coverage="0%" />
                  </conditions>
                </line>
                <line number="231" hits="0" branch="False" />
                <line number="232" hits="0" branch="False" />
                <line number="233" hits="0" branch="False" />
                <line number="234" hits="0" branch="False" />
                <line number="235" hits="0" branch="False" />
                <line number="236" hits="0" branch="False" />
                <line number="237" hits="0" branch="False" />
                <line number="238" hits="0" branch="False" />
              </lines>
            </method>
            <method name="Equals" signature="(System.Object)" line-rate="0" branch-rate="1" complexity="1">
              <lines>
                <line number="241" hits="0" branch="False" />
                <line number="242" hits="0" branch="False" />
                <line number="243" hits="0" branch="False" />
              </lines>
            </method>
            <method name="GetHashCode" signature="()" line-rate="0" branch-rate="1" complexity="1">
              <lines>
                <line number="246" hits="0" branch="False" />
                <line number="247" hits="0" branch="False" />
                <line number="248" hits="0" branch="False" />
              </lines>
            </method>
            <method name="ToString" signature="()" line-rate="0" branch-rate="1" complexity="1">
              <lines>
                <line number="251" hits="0" branch="False" />
                <line number="252" hits="0" branch="False" />
                <line number="253" hits="0" branch="False" />
              </lines>
            </method>
            <method name="op_Equality" signature="(Ergoplanner.Domain.ValueObjects.ConnectionPoint,Ergoplanner.Domain.ValueObjects.ConnectionPoint)" line-rate="1" branch-rate="1" complexity="1">
              <lines>
                <line number="256" hits="4" branch="False" />
                <line number="257" hits="4" branch="False" />
                <line number="258" hits="4" branch="False" />
              </lines>
            </method>
            <method name="op_Inequality" signature="(Ergoplanner.Domain.ValueObjects.ConnectionPoint,Ergoplanner.Domain.ValueObjects.ConnectionPoint)" line-rate="0" branch-rate="1" complexity="1">
              <lines>
                <line number="261" hits="0" branch="False" />
                <line number="262" hits="0" branch="False" />
                <line number="263" hits="0" branch="False" />
              </lines>
            </method>
            <method name="ValidateParameters" signature="(System.String,System.String,System.Double,System.Nullable`1&lt;System.Double&gt;,System.Nullable`1&lt;System.Double&gt;)" line-rate="0.5714" branch-rate="0.5" complexity="22">
              <lines>
                <line number="271" hits="27" branch="False" />
                <line number="272" hits="27" branch="True" condition-coverage="50% (1/2)">
                  <conditions>
                    <condition number="9" type="jump" coverage="50%" />
                  </conditions>
                </line>
                <line number="273" hits="0" branch="False" />
                <line number="275" hits="27" branch="True" condition-coverage="50% (1/2)">
                  <conditions>
                    <condition number="35" type="jump" coverage="50%" />
                  </conditions>
                </line>
                <line number="276" hits="0" branch="False" />
                <line number="278" hits="27" branch="True" condition-coverage="50% (2/4)">
                  <conditions>
                    <condition number="63" type="jump" coverage="50%" />
                    <condition number="85" type="jump" coverage="50%" />
                  </conditions>
                </line>
                <line number="279" hits="0" branch="False" />
                <line number="281" hits="27" branch="True" condition-coverage="50% (2/4)">
                  <conditions>
                    <condition number="110" type="jump" coverage="50%" />
                    <condition number="135" type="jump" coverage="50%" />
                  </conditions>
                </line>
                <line number="282" hits="0" branch="False" />
                <line number="284" hits="27" branch="True" condition-coverage="50% (2/4)">
                  <conditions>
                    <condition number="160" type="jump" coverage="50%" />
                    <condition number="187" type="jump" coverage="50%" />
                  </conditions>
                </line>
                <line number="285" hits="0" branch="False" />
                <line number="287" hits="27" branch="True" condition-coverage="50% (3/6)">
                  <conditions>
                    <condition number="212" type="jump" coverage="50%" />
                    <condition number="221" type="jump" coverage="50%" />
                    <condition number="246" type="jump" coverage="50%" />
                  </conditions>
                </line>
                <line number="288" hits="0" branch="False" />
                <line number="289" hits="27" branch="False" />
              </lines>
            </method>
            <method name="NormalizeDirection" signature="(System.Double)" line-rate="0.7142000000000001" branch-rate="0.5" complexity="4">
              <lines>
                <line number="292" hits="27" branch="False" />
                <line number="293" hits="27" branch="True" condition-coverage="50% (1/2)">
                  <conditions>
                    <condition number="30" type="jump" coverage="50%" />
                  </conditions>
                </line>
                <line number="294" hits="0" branch="False" />
                <line number="295" hits="27" branch="True" condition-coverage="50% (1/2)">
                  <conditions>
                    <condition number="64" type="jump" coverage="50%" />
                  </conditions>
                </line>
                <line number="296" hits="0" branch="False" />
                <line number="297" hits="27" branch="False" />
                <line number="298" hits="27" branch="False" />
              </lines>
            </method>
            <method name="GetDefaultCompatibleTypes" signature="(Ergoplanner.Domain.Enums.ConnectionType)" line-rate="0.5" branch-rate="0.2727" complexity="11">
              <lines>
                <line number="301" hits="27" branch="False" />
                <line number="302" hits="27" branch="True" condition-coverage="27.27% (3/11)">
                  <conditions>
                    <condition number="8" type="switch" coverage="27.27%" />
                  </conditions>
                </line>
                <line number="303" hits="27" branch="False" />
                <line number="304" hits="3" branch="False" />
                <line number="305" hits="0" branch="False" />
                <line number="306" hits="0" branch="False" />
                <line number="307" hits="0" branch="False" />
                <line number="308" hits="7" branch="False" />
                <line number="309" hits="17" branch="False" />
                <line number="310" hits="0" branch="False" />
                <line number="311" hits="0" branch="False" />
                <line number="312" hits="0" branch="False" />
                <line number="313" hits="0" branch="False" />
                <line number="314" hits="0" branch="False" />
                <line number="315" hits="27" branch="False" />
                <line number="316" hits="27" branch="False" />
              </lines>
            </method>
            <method name="AreSizesCompatible" signature="(System.String,System.String)" line-rate="1" branch-rate="1" complexity="4">
              <lines>
                <line number="319" hits="4" branch="False" />
                <line number="322" hits="4" branch="True" condition-coverage="100% (4/4)">
                  <conditions>
                    <condition number="9" type="jump" coverage="100%" />
                    <condition number="23" type="jump" coverage="100%" />
                  </conditions>
                </line>
                <line number="323" hits="4" branch="False" />
                <line number="324" hits="4" branch="False" />
                <line number="325" hits="4" branch="False" />
              </lines>
            </method>
            <method name=".ctor" signature="(System.String,Ergoplanner.Domain.Enums.ConnectionType,System.Double,System.Double,System.Double,System.String,System.String,System.String,System.String,System.Boolean,System.Boolean,System.Nullable`1&lt;System.Double&gt;,System.Nullable`1&lt;System.Double&gt;,System.Collections.Generic.List`1&lt;Ergoplanner.Domain.Enums.ConnectionType&gt;)" line-rate="1" branch-rate="1" complexity="2">
              <lines>
                <line number="83" hits="27" branch="False" />
                <line number="84" hits="27" branch="False" />
                <line number="85" hits="27" branch="False" />
                <line number="86" hits="27" branch="False" />
                <line number="87" hits="27" branch="False" />
                <line number="88" hits="27" branch="False" />
                <line number="89" hits="27" branch="False" />
                <line number="90" hits="27" branch="False" />
                <line number="91" hits="27" branch="False" />
                <line number="92" hits="27" branch="False" />
                <line number="93" hits="27" branch="False" />
                <line number="94" hits="27" branch="False" />
                <line number="95" hits="27" branch="False" />
                <line number="96" hits="27" branch="False" />
                <line number="97" hits="27" branch="False" />
                <line number="98" hits="27" branch="False" />
                <line number="99" hits="27" branch="False" />
                <line number="101" hits="27" branch="False" />
                <line number="102" hits="27" branch="False" />
                <line number="103" hits="27" branch="False" />
                <line number="104" hits="27" branch="False" />
                <line number="105" hits="27" branch="False" />
                <line number="106" hits="27" branch="False" />
                <line number="107" hits="27" branch="False" />
                <line number="108" hits="27" branch="False" />
                <line number="109" hits="27" branch="False" />
                <line number="110" hits="27" branch="False" />
                <line number="111" hits="27" branch="False" />
                <line number="112" hits="27" branch="False" />
                <line number="113" hits="27" branch="False" />
                <line number="114" hits="27" branch="True" condition-coverage="100% (2/2)">
                  <conditions>
                    <condition number="133" type="jump" coverage="100%" />
                  </conditions>
                </line>
                <line number="115" hits="27" branch="False" />
              </lines>
            </method>
          </methods>
          <lines>
            <line number="13" hits="5" branch="False" />
            <line number="18" hits="9" branch="False" />
            <line number="23" hits="0" branch="False" />
            <line number="28" hits="0" branch="False" />
            <line number="33" hits="0" branch="False" />
            <line number="38" hits="10" branch="False" />
            <line number="43" hits="5" branch="False" />
            <line number="48" hits="6" branch="False" />
            <line number="53" hits="0" branch="False" />
            <line number="58" hits="0" branch="False" />
            <line number="63" hits="0" branch="False" />
            <line number="68" hits="0" branch="False" />
            <line number="73" hits="0" branch="False" />
            <line number="78" hits="4" branch="False" />
            <line number="121" hits="4" branch="False" />
            <line number="122" hits="4" branch="True" condition-coverage="50% (1/2)">
              <conditions>
                <condition number="10" type="jump" coverage="50%" />
              </conditions>
            </line>
            <line number="123" hits="0" branch="False" />
            <line number="126" hits="4" branch="True" condition-coverage="50% (2/4)">
              <conditions>
                <condition number="36" type="jump" coverage="50%" />
                <condition number="63" type="jump" coverage="50%" />
              </conditions>
            </line>
            <line number="127" hits="0" branch="False" />
            <line number="130" hits="4" branch="True" condition-coverage="50% (2/4)">
              <conditions>
                <condition number="83" type="jump" coverage="50%" />
                <condition number="104" type="jump" coverage="50%" />
              </conditions>
            </line>
            <line number="131" hits="0" branch="False" />
            <line number="132" hits="0" branch="True" condition-coverage="0% (0/2)">
              <conditions>
                <condition number="132" type="jump" coverage="0%" />
              </conditions>
            </line>
            <line number="133" hits="0" branch="False" />
            <line number="134" hits="0" branch="False" />
            <line number="137" hits="4" branch="True" condition-coverage="50% (2/4)">
              <conditions>
                <condition number="150" type="jump" coverage="50%" />
                <condition number="173" type="jump" coverage="50%" />
              </conditions>
            </line>
            <line number="138" hits="0" branch="False" />
            <line number="140" hits="0" branch="True" condition-coverage="0% (0/2)">
              <conditions>
                <condition number="201" type="jump" coverage="0%" />
              </conditions>
            </line>
            <line number="141" hits="0" branch="False" />
            <line number="142" hits="0" branch="False" />
            <line number="145" hits="4" branch="True" condition-coverage="100% (2/2)">
              <conditions>
                <condition number="232" type="jump" coverage="100%" />
              </conditions>
            </line>
            <line number="146" hits="1" branch="False" />
            <line number="148" hits="3" branch="False" />
            <line number="149" hits="4" branch="False" />
            <line number="155" hits="0" branch="False" />
            <line number="156" hits="0" branch="False" />
            <line number="157" hits="0" branch="False" />
            <line number="158" hits="0" branch="False" />
            <line number="159" hits="0" branch="False" />
            <line number="160" hits="0" branch="False" />
            <line number="166" hits="0" branch="False" />
            <line number="167" hits="0" branch="True" condition-coverage="0% (0/2)">
              <conditions>
                <condition number="10" type="jump" coverage="0%" />
              </conditions>
            </line>
            <line number="168" hits="0" branch="False" />
            <line number="170" hits="0" branch="False" />
            <line number="171" hits="0" branch="False" />
            <line number="172" hits="0" branch="False" />
            <line number="178" hits="0" branch="False" />
            <line number="179" hits="0" branch="True" condition-coverage="0% (0/2)">
              <conditions>
                <condition number="10" type="jump" coverage="0%" />
              </conditions>
            </line>
            <line number="180" hits="0" branch="False" />
            <line number="182" hits="0" branch="False" />
            <line number="183" hits="0" branch="False" />
            <line number="184" hits="0" branch="False" />
            <line number="186" hits="0" branch="False" />
            <line number="187" hits="0" branch="False" />
            <line number="193" hits="0" branch="False" />
            <line number="194" hits="0" branch="False" />
            <line number="195" hits="0" branch="False" />
            <line number="196" hits="0" branch="False" />
            <line number="197" hits="0" branch="False" />
            <line number="198" hits="0" branch="False" />
            <line number="199" hits="0" branch="False" />
            <line number="205" hits="0" branch="False" />
            <line number="206" hits="0" branch="False" />
            <line number="207" hits="0" branch="False" />
            <line number="208" hits="0" branch="False" />
            <line number="209" hits="0" branch="False" />
            <line number="210" hits="0" branch="False" />
            <line number="211" hits="0" branch="False" />
            <line number="217" hits="0" branch="False" />
            <line number="218" hits="0" branch="False" />
            <line number="219" hits="0" branch="False" />
            <line number="220" hits="0" branch="False" />
            <line number="221" hits="0" branch="False" />
            <line number="222" hits="0" branch="False" />
            <line number="223" hits="0" branch="False" />
            <line number="226" hits="0" branch="False" />
            <line number="227" hits="0" branch="True" condition-coverage="0% (0/2)">
              <conditions>
                <condition number="10" type="jump" coverage="0%" />
              </conditions>
            </line>
            <line number="228" hits="0" branch="True" condition-coverage="0% (0/2)">
              <conditions>
                <condition number="25" type="jump" coverage="0%" />
              </conditions>
            </line>
            <line number="230" hits="0" branch="True" condition-coverage="0% (0/14)">
              <conditions>
                <condition number="51" type="jump" coverage="0%" />
                <condition number="68" type="jump" coverage="0%" />
                <condition number="100" type="jump" coverage="0%" />
                <condition number="129" type="jump" coverage="0%" />
                <condition number="158" type="jump" coverage="0%" />
                <condition number="177" type="jump" coverage="0%" />
                <condition number="196" type="jump" coverage="0%" />
              </conditions>
            </line>
            <line number="231" hits="0" branch="False" />
            <line number="232" hits="0" branch="False" />
            <line number="233" hits="0" branch="False" />
            <line number="234" hits="0" branch="False" />
            <line number="235" hits="0" branch="False" />
            <line number="236" hits="0" branch="False" />
            <line number="237" hits="0" branch="False" />
            <line number="238" hits="0" branch="False" />
            <line number="241" hits="0" branch="False" />
            <line number="242" hits="0" branch="False" />
            <line number="243" hits="0" branch="False" />
            <line number="246" hits="0" branch="False" />
            <line number="247" hits="0" branch="False" />
            <line number="248" hits="0" branch="False" />
            <line number="251" hits="0" branch="False" />
            <line number="252" hits="0" branch="False" />
            <line number="253" hits="0" branch="False" />
            <line number="256" hits="4" branch="False" />
            <line number="257" hits="4" branch="False" />
            <line number="258" hits="4" branch="False" />
            <line number="261" hits="0" branch="False" />
            <line number="262" hits="0" branch="False" />
            <line number="263" hits="0" branch="False" />
            <line number="271" hits="27" branch="False" />
            <line number="272" hits="27" branch="True" condition-coverage="50% (1/2)">
              <conditions>
                <condition number="9" type="jump" coverage="50%" />
              </conditions>
            </line>
            <line number="273" hits="0" branch="False" />
            <line number="275" hits="27" branch="True" condition-coverage="50% (1/2)">
              <conditions>
                <condition number="35" type="jump" coverage="50%" />
              </conditions>
            </line>
            <line number="276" hits="0" branch="False" />
            <line number="278" hits="27" branch="True" condition-coverage="50% (2/4)">
              <conditions>
                <condition number="63" type="jump" coverage="50%" />
                <condition number="85" type="jump" coverage="50%" />
              </conditions>
            </line>
            <line number="279" hits="0" branch="False" />
            <line number="281" hits="27" branch="True" condition-coverage="50% (2/4)">
              <conditions>
                <condition number="110" type="jump" coverage="50%" />
                <condition number="135" type="jump" coverage="50%" />
              </conditions>
            </line>
            <line number="282" hits="0" branch="False" />
            <line number="284" hits="27" branch="True" condition-coverage="50% (2/4)">
              <conditions>
                <condition number="160" type="jump" coverage="50%" />
                <condition number="187" type="jump" coverage="50%" />
              </conditions>
            </line>
            <line number="285" hits="0" branch="False" />
            <line number="287" hits="27" branch="True" condition-coverage="50% (3/6)">
              <conditions>
                <condition number="212" type="jump" coverage="50%" />
                <condition number="221" type="jump" coverage="50%" />
                <condition number="246" type="jump" coverage="50%" />
              </conditions>
            </line>
            <line number="288" hits="0" branch="False" />
            <line number="289" hits="27" branch="False" />
            <line number="292" hits="27" branch="False" />
            <line number="293" hits="27" branch="True" condition-coverage="50% (1/2)">
              <conditions>
                <condition number="30" type="jump" coverage="50%" />
              </conditions>
            </line>
            <line number="294" hits="0" branch="False" />
            <line number="295" hits="27" branch="True" condition-coverage="50% (1/2)">
              <conditions>
                <condition number="64" type="jump" coverage="50%" />
              </conditions>
            </line>
            <line number="296" hits="0" branch="False" />
            <line number="297" hits="27" branch="False" />
            <line number="298" hits="27" branch="False" />
            <line number="301" hits="27" branch="False" />
            <line number="302" hits="27" branch="True" condition-coverage="27.27% (3/11)">
              <conditions>
                <condition number="8" type="switch" coverage="27.27%" />
              </conditions>
            </line>
            <line number="303" hits="27" branch="False" />
            <line number="304" hits="3" branch="False" />
            <line number="305" hits="0" branch="False" />
            <line number="306" hits="0" branch="False" />
            <line number="307" hits="0" branch="False" />
            <line number="308" hits="7" branch="False" />
            <line number="309" hits="17" branch="False" />
            <line number="310" hits="0" branch="False" />
            <line number="311" hits="0" branch="False" />
            <line number="312" hits="0" branch="False" />
            <line number="313" hits="0" branch="False" />
            <line number="314" hits="0" branch="False" />
            <line number="315" hits="27" branch="False" />
            <line number="316" hits="27" branch="False" />
            <line number="319" hits="4" branch="False" />
            <line number="322" hits="4" branch="True" condition-coverage="100% (4/4)">
              <conditions>
                <condition number="9" type="jump" coverage="100%" />
                <condition number="23" type="jump" coverage="100%" />
              </conditions>
            </line>
            <line number="323" hits="4" branch="False" />
            <line number="324" hits="4" branch="False" />
            <line number="325" hits="4" branch="False" />
            <line number="83" hits="27" branch="False" />
            <line number="84" hits="27" branch="False" />
            <line number="85" hits="27" branch="False" />
            <line number="86" hits="27" branch="False" />
            <line number="87" hits="27" branch="False" />
            <line number="88" hits="27" branch="False" />
            <line number="89" hits="27" branch="False" />
            <line number="90" hits="27" branch="False" />
            <line number="91" hits="27" branch="False" />
            <line number="92" hits="27" branch="False" />
            <line number="93" hits="27" branch="False" />
            <line number="94" hits="27" branch="False" />
            <line number="95" hits="27" branch="False" />
            <line number="96" hits="27" branch="False" />
            <line number="97" hits="27" branch="False" />
            <line number="98" hits="27" branch="False" />
            <line number="99" hits="27" branch="False" />
            <line number="101" hits="27" branch="False" />
            <line number="102" hits="27" branch="False" />
            <line number="103" hits="27" branch="False" />
            <line number="104" hits="27" branch="False" />
            <line number="105" hits="27" branch="False" />
            <line number="106" hits="27" branch="False" />
            <line number="107" hits="27" branch="False" />
            <line number="108" hits="27" branch="False" />
            <line number="109" hits="27" branch="False" />
            <line number="110" hits="27" branch="False" />
            <line number="111" hits="27" branch="False" />
            <line number="112" hits="27" branch="False" />
            <line number="113" hits="27" branch="False" />
            <line number="114" hits="27" branch="True" condition-coverage="100% (2/2)">
              <conditions>
                <condition number="133" type="jump" coverage="100%" />
              </conditions>
            </line>
            <line number="115" hits="27" branch="False" />
          </lines>
        </class>
        <class name="Ergoplanner.Domain.ValueObjects.Point" filename="ValueObjects\ConnectionPoint.cs" line-rate="0" branch-rate="1" complexity="1">
          <methods>
            <method name="get_X" signature="()" line-rate="0" branch-rate="1" complexity="1">
              <lines>
                <line number="331" hits="0" branch="False" />
              </lines>
            </method>
          </methods>
          <lines>
            <line number="331" hits="0" branch="False" />
          </lines>
        </class>
        <class name="Ergoplanner.Domain.ValueObjects.InstrumentConnectionPoint" filename="ValueObjects\InstrumentConnectionPoint.cs" line-rate="0.7415" branch-rate="0.7082999999999999" complexity="87">
          <methods>
            <method name="get_SignalType" signature="()" line-rate="1" branch-rate="1" complexity="1">
              <lines>
                <line number="14" hits="51" branch="False" />
              </lines>
            </method>
            <method name="get_IsProcessConnection" signature="()" line-rate="1" branch-rate="1" complexity="1">
              <lines>
                <line number="19" hits="1" branch="False" />
              </lines>
            </method>
            <method name="get_IsPowerSupply" signature="()" line-rate="1" branch-rate="1" complexity="1">
              <lines>
                <line number="24" hits="25" branch="False" />
              </lines>
            </method>
            <method name="get_VoltageLevel" signature="()" line-rate="1" branch-rate="1" complexity="1">
              <lines>
                <line number="29" hits="18" branch="False" />
              </lines>
            </method>
            <method name="get_CurrentRange" signature="()" line-rate="1" branch-rate="1" complexity="1">
              <lines>
                <line number="34" hits="14" branch="False" />
              </lines>
            </method>
            <method name="get_Protocol" signature="()" line-rate="1" branch-rate="1" complexity="1">
              <lines>
                <line number="39" hits="11" branch="False" />
              </lines>
            </method>
            <method name="get_WireSize" signature="()" line-rate="1" branch-rate="1" complexity="1">
              <lines>
                <line number="44" hits="3" branch="False" />
              </lines>
            </method>
            <method name="get_IntrinsicSafetyRating" signature="()" line-rate="1" branch-rate="1" complexity="1">
              <lines>
                <line number="49" hits="1" branch="False" />
              </lines>
            </method>
            <method name="get_TerminalReference" signature="()" line-rate="0" branch-rate="1" complexity="1">
              <lines>
                <line number="54" hits="0" branch="False" />
              </lines>
            </method>
            <method name="get_CableId" signature="()" line-rate="0" branch-rate="1" complexity="1">
              <lines>
                <line number="59" hits="0" branch="False" />
              </lines>
            </method>
            <method name="CanConnectTo" signature="(Ergoplanner.Domain.ValueObjects.ConnectionPoint)" line-rate="0.7272" branch-rate="0.7058" complexity="34">
              <lines>
                <line number="110" hits="4" branch="False" />
                <line number="112" hits="4" branch="True" condition-coverage="100% (2/2)">
                  <conditions>
                    <condition number="13" type="jump" coverage="100%" />
                  </conditions>
                </line>
                <line number="113" hits="1" branch="False" />
                <line number="116" hits="3" branch="True" condition-coverage="100% (2/2)">
                  <conditions>
                    <condition number="35" type="jump" coverage="100%" />
                  </conditions>
                </line>
                <line number="117" hits="3" branch="False" />
                <line number="119" hits="3" branch="True" condition-coverage="50% (1/2)">
                  <conditions>
                    <condition number="65" type="jump" coverage="50%" />
                  </conditions>
                </line>
                <line number="120" hits="0" branch="False" />
                <line number="123" hits="3" branch="True" condition-coverage="100% (4/4)">
                  <conditions>
                    <condition number="85" type="jump" coverage="100%" />
                    <condition number="108" type="jump" coverage="100%" />
                  </conditions>
                </line>
                <line number="124" hits="1" branch="False" />
                <line number="125" hits="1" branch="True" condition-coverage="50% (1/2)">
                  <conditions>
                    <condition number="136" type="jump" coverage="50%" />
                  </conditions>
                </line>
                <line number="126" hits="1" branch="False" />
                <line number="127" hits="0" branch="False" />
                <line number="130" hits="2" branch="True" condition-coverage="100% (4/4)">
                  <conditions>
                    <condition number="157" type="jump" coverage="100%" />
                    <condition number="180" type="jump" coverage="100%" />
                  </conditions>
                </line>
                <line number="131" hits="1" branch="False" />
                <line number="132" hits="1" branch="True" condition-coverage="50% (1/2)">
                  <conditions>
                    <condition number="208" type="jump" coverage="50%" />
                  </conditions>
                </line>
                <line number="133" hits="0" branch="False" />
                <line number="134" hits="1" branch="False" />
                <line number="137" hits="2" branch="True" condition-coverage="100% (4/4)">
                  <conditions>
                    <condition number="225" type="jump" coverage="100%" />
                    <condition number="243" type="jump" coverage="100%" />
                  </conditions>
                </line>
                <line number="138" hits="1" branch="False" />
                <line number="139" hits="1" branch="True" condition-coverage="50% (2/4)">
                  <conditions>
                    <condition number="257" type="jump" coverage="50%" />
                    <condition number="280" type="jump" coverage="50%" />
                  </conditions>
                </line>
                <line number="140" hits="1" branch="False" />
                <line number="141" hits="1" branch="True" condition-coverage="50% (1/2)">
                  <conditions>
                    <condition number="308" type="jump" coverage="50%" />
                  </conditions>
                </line>
                <line number="142" hits="1" branch="False" />
                <line number="143" hits="0" branch="False" />
                <line number="144" hits="0" branch="False" />
                <line number="147" hits="1" branch="True" condition-coverage="50% (2/4)">
                  <conditions>
                    <condition number="327" type="jump" coverage="50%" />
                    <condition number="350" type="jump" coverage="50%" />
                  </conditions>
                </line>
                <line number="148" hits="0" branch="False" />
                <line number="149" hits="0" branch="True" condition-coverage="0% (0/2)">
                  <conditions>
                    <condition number="378" type="jump" coverage="0%" />
                  </conditions>
                </line>
                <line number="150" hits="0" branch="False" />
                <line number="151" hits="0" branch="False" />
                <line number="152" hits="1" branch="False" />
                <line number="154" hits="1" branch="False" />
                <line number="155" hits="4" branch="False" />
              </lines>
            </method>
            <method name="CreateProcessConnection" signature="(System.String,System.Double,System.Double,System.Double,System.String,System.String,System.String)" line-rate="1" branch-rate="1" complexity="1">
              <lines>
                <line number="168" hits="3" branch="False" />
                <line number="169" hits="3" branch="False" />
                <line number="170" hits="3" branch="False" />
                <line number="171" hits="3" branch="False" />
                <line number="172" hits="3" branch="False" />
                <line number="173" hits="3" branch="False" />
                <line number="174" hits="3" branch="False" />
                <line number="175" hits="3" branch="False" />
                <line number="176" hits="3" branch="False" />
                <line number="177" hits="3" branch="False" />
              </lines>
            </method>
            <method name="CreateAnalogSignalConnection" signature="(System.String,System.Double,System.Double,System.Double,System.String,System.Boolean)" line-rate="1" branch-rate="0.5" complexity="2">
              <lines>
                <line number="189" hits="6" branch="False" />
                <line number="190" hits="6" branch="True" condition-coverage="50% (1/2)">
                  <conditions>
                    <condition number="14" type="jump" coverage="50%" />
                  </conditions>
                </line>
                <line number="191" hits="6" branch="False" />
                <line number="192" hits="6" branch="False" />
                <line number="193" hits="6" branch="False" />
                <line number="194" hits="6" branch="False" />
                <line number="195" hits="6" branch="False" />
                <line number="196" hits="6" branch="False" />
                <line number="197" hits="6" branch="False" />
                <line number="198" hits="6" branch="False" />
                <line number="199" hits="6" branch="False" />
              </lines>
            </method>
            <method name="CreateDigitalConnection" signature="(System.String,System.Double,System.Double,System.Double,System.String,System.String)" line-rate="1" branch-rate="1" complexity="1">
              <lines>
                <line number="211" hits="5" branch="False" />
                <line number="212" hits="5" branch="False" />
                <line number="213" hits="5" branch="False" />
                <line number="214" hits="5" branch="False" />
                <line number="215" hits="5" branch="False" />
                <line number="216" hits="5" branch="False" />
                <line number="217" hits="5" branch="False" />
                <line number="218" hits="5" branch="False" />
                <line number="219" hits="5" branch="False" />
              </lines>
            </method>
            <method name="CreatePneumaticConnection" signature="(System.String,System.Double,System.Double,System.Double,System.String)" line-rate="1" branch-rate="1" complexity="1">
              <lines>
                <line number="230" hits="4" branch="False" />
                <line number="231" hits="4" branch="False" />
                <line number="232" hits="4" branch="False" />
                <line number="233" hits="4" branch="False" />
                <line number="234" hits="4" branch="False" />
                <line number="235" hits="4" branch="False" />
                <line number="236" hits="4" branch="False" />
                <line number="237" hits="4" branch="False" />
              </lines>
            </method>
            <method name="CreatePowerConnection" signature="(System.String,System.Double,System.Double,System.Double,System.String,System.String)" line-rate="1" branch-rate="1" complexity="1">
              <lines>
                <line number="249" hits="5" branch="False" />
                <line number="250" hits="5" branch="False" />
                <line number="251" hits="5" branch="False" />
                <line number="252" hits="5" branch="False" />
                <line number="253" hits="5" branch="False" />
                <line number="254" hits="5" branch="False" />
                <line number="255" hits="5" branch="False" />
                <line number="256" hits="5" branch="False" />
                <line number="257" hits="5" branch="False" />
                <line number="258" hits="5" branch="False" />
              </lines>
            </method>
            <method name="GetISALineType" signature="()" line-rate="0.7692" branch-rate="0.625" complexity="8">
              <lines>
                <line number="264" hits="5" branch="False" />
                <line number="265" hits="5" branch="True" condition-coverage="62.5% (5/8)">
                  <conditions>
                    <condition number="15" type="switch" coverage="62.5%" />
                  </conditions>
                </line>
                <line number="266" hits="5" branch="False" />
                <line number="267" hits="1" branch="False" />
                <line number="268" hits="1" branch="False" />
                <line number="269" hits="1" branch="False" />
                <line number="270" hits="1" branch="False" />
                <line number="271" hits="0" branch="False" />
                <line number="272" hits="1" branch="False" />
                <line number="273" hits="0" branch="False" />
                <line number="274" hits="0" branch="False" />
                <line number="275" hits="5" branch="False" />
                <line number="276" hits="5" branch="False" />
              </lines>
            </method>
            <method name="GetRecommendedLineStyle" signature="()" line-rate="0.7692" branch-rate="0.625" complexity="8">
              <lines>
                <line number="282" hits="5" branch="False" />
                <line number="283" hits="5" branch="True" condition-coverage="62.5% (5/8)">
                  <conditions>
                    <condition number="15" type="switch" coverage="62.5%" />
                  </conditions>
                </line>
                <line number="284" hits="5" branch="False" />
                <line number="285" hits="1" branch="False" />
                <line number="286" hits="1" branch="False" />
                <line number="287" hits="1" branch="False" />
                <line number="288" hits="1" branch="False" />
                <line number="289" hits="0" branch="False" />
                <line number="290" hits="1" branch="False" />
                <line number="291" hits="0" branch="False" />
                <line number="292" hits="0" branch="False" />
                <line number="293" hits="5" branch="False" />
                <line number="294" hits="5" branch="False" />
              </lines>
            </method>
            <method name="ValidateInstrumentSpecificParameters" signature="()" line-rate="0.9285" branch-rate="0.9375" complexity="16">
              <lines>
                <line number="297" hits="27" branch="False" />
                <line number="299" hits="27" branch="True" condition-coverage="100% (6/6)">
                  <conditions>
                    <condition number="13" type="switch" coverage="100%" />
                  </conditions>
                </line>
                <line number="302" hits="8" branch="True" condition-coverage="100% (2/2)">
                  <conditions>
                    <condition number="53" type="jump" coverage="100%" />
                  </conditions>
                </line>
                <line number="303" hits="2" branch="False" />
                <line number="304" hits="6" branch="False" />
                <line number="307" hits="6" branch="True" condition-coverage="100% (2/2)">
                  <conditions>
                    <condition number="81" type="jump" coverage="100%" />
                  </conditions>
                </line>
                <line number="308" hits="1" branch="False" />
                <line number="309" hits="5" branch="False" />
                <line number="312" hits="6" branch="True" condition-coverage="100% (2/2)">
                  <conditions>
                    <condition number="111" type="jump" coverage="100%" />
                  </conditions>
                </line>
                <line number="313" hits="1" branch="False" />
                <line number="314" hits="5" branch="False" />
                <line number="318" hits="23" branch="True" condition-coverage="75% (3/4)">
                  <conditions>
                    <condition number="132" type="jump" coverage="100%" />
                    <condition number="152" type="jump" coverage="50%" />
                  </conditions>
                </line>
                <line number="319" hits="0" branch="False" />
                <line number="320" hits="23" branch="False" />
              </lines>
            </method>
            <method name="AreSignalTypesCompatible" signature="(Ergoplanner.Domain.ValueObjects.InstrumentSignalType,Ergoplanner.Domain.ValueObjects.InstrumentSignalType)" line-rate="0.125" branch-rate="0.25" complexity="4">
              <lines>
                <line number="323" hits="3" branch="False" />
                <line number="325" hits="3" branch="True" condition-coverage="50% (1/2)">
                  <conditions>
                    <condition number="7" type="jump" coverage="50%" />
                  </conditions>
                </line>
                <line number="326" hits="3" branch="False" />
                <line number="329" hits="0" branch="False" />
                <line number="330" hits="0" branch="False" />
                <line number="331" hits="0" branch="False" />
                <line number="332" hits="0" branch="False" />
                <line number="333" hits="0" branch="False" />
                <line number="334" hits="0" branch="False" />
                <line number="335" hits="0" branch="False" />
                <line number="336" hits="0" branch="False" />
                <line number="337" hits="0" branch="False" />
                <line number="338" hits="0" branch="False" />
                <line number="339" hits="0" branch="False" />
                <line number="340" hits="0" branch="False" />
                <line number="341" hits="0" branch="False" />
                <line number="342" hits="0" branch="False" />
                <line number="343" hits="0" branch="False" />
                <line number="344" hits="0" branch="False" />
                <line number="345" hits="0" branch="False" />
                <line number="346" hits="0" branch="False" />
                <line number="347" hits="0" branch="False" />
                <line number="348" hits="0" branch="False" />
                <line number="349" hits="0" branch="False" />
                <line number="350" hits="0" branch="False" />
                <line number="351" hits="0" branch="False" />
                <line number="352" hits="0" branch="False" />
                <line number="353" hits="0" branch="False" />
                <line number="354" hits="0" branch="False" />
                <line number="355" hits="0" branch="False" />
                <line number="357" hits="0" branch="True" condition-coverage="0% (0/2)">
                  <conditions>
                    <condition number="187" type="jump" coverage="0%" />
                  </conditions>
                </line>
                <line number="358" hits="3" branch="False" />
              </lines>
            </method>
            <method name=".ctor" signature="(System.String,Ergoplanner.Domain.Enums.ConnectionType,System.Double,System.Double,System.Double,System.String,Ergoplanner.Domain.ValueObjects.InstrumentSignalType,System.Boolean,System.Boolean,System.String,System.String,System.String,System.String,System.String,System.String,System.String,System.String,System.String,System.String,System.Boolean,System.Boolean,System.Nullable`1&lt;System.Double&gt;,System.Nullable`1&lt;System.Double&gt;,System.Collections.Generic.List`1&lt;Ergoplanner.Domain.Enums.ConnectionType&gt;)" line-rate="1" branch-rate="1" complexity="1">
              <lines>
                <line number="89" hits="27" branch="False" />
                <line number="90" hits="27" branch="False" />
                <line number="91" hits="27" branch="False" />
                <line number="92" hits="27" branch="False" />
                <line number="93" hits="27" branch="False" />
                <line number="94" hits="27" branch="False" />
                <line number="95" hits="27" branch="False" />
                <line number="96" hits="27" branch="False" />
                <line number="97" hits="27" branch="False" />
                <line number="98" hits="27" branch="False" />
                <line number="99" hits="27" branch="False" />
                <line number="100" hits="27" branch="False" />
                <line number="101" hits="27" branch="False" />
                <line number="103" hits="27" branch="False" />
                <line number="104" hits="23" branch="False" />
              </lines>
            </method>
          </methods>
          <lines>
            <line number="14" hits="51" branch="False" />
            <line number="19" hits="1" branch="False" />
            <line number="24" hits="25" branch="False" />
            <line number="29" hits="18" branch="False" />
            <line number="34" hits="14" branch="False" />
            <line number="39" hits="11" branch="False" />
            <line number="44" hits="3" branch="False" />
            <line number="49" hits="1" branch="False" />
            <line number="54" hits="0" branch="False" />
            <line number="59" hits="0" branch="False" />
            <line number="110" hits="4" branch="False" />
            <line number="112" hits="4" branch="True" condition-coverage="100% (2/2)">
              <conditions>
                <condition number="13" type="jump" coverage="100%" />
              </conditions>
            </line>
            <line number="113" hits="1" branch="False" />
            <line number="116" hits="3" branch="True" condition-coverage="100% (2/2)">
              <conditions>
                <condition number="35" type="jump" coverage="100%" />
              </conditions>
            </line>
            <line number="117" hits="3" branch="False" />
            <line number="119" hits="3" branch="True" condition-coverage="50% (1/2)">
              <conditions>
                <condition number="65" type="jump" coverage="50%" />
              </conditions>
            </line>
            <line number="120" hits="0" branch="False" />
            <line number="123" hits="3" branch="True" condition-coverage="100% (4/4)">
              <conditions>
                <condition number="85" type="jump" coverage="100%" />
                <condition number="108" type="jump" coverage="100%" />
              </conditions>
            </line>
            <line number="124" hits="1" branch="False" />
            <line number="125" hits="1" branch="True" condition-coverage="50% (1/2)">
              <conditions>
                <condition number="136" type="jump" coverage="50%" />
              </conditions>
            </line>
            <line number="126" hits="1" branch="False" />
            <line number="127" hits="0" branch="False" />
            <line number="130" hits="2" branch="True" condition-coverage="100% (4/4)">
              <conditions>
                <condition number="157" type="jump" coverage="100%" />
                <condition number="180" type="jump" coverage="100%" />
              </conditions>
            </line>
            <line number="131" hits="1" branch="False" />
            <line number="132" hits="1" branch="True" condition-coverage="50% (1/2)">
              <conditions>
                <condition number="208" type="jump" coverage="50%" />
              </conditions>
            </line>
            <line number="133" hits="0" branch="False" />
            <line number="134" hits="1" branch="False" />
            <line number="137" hits="2" branch="True" condition-coverage="100% (4/4)">
              <conditions>
                <condition number="225" type="jump" coverage="100%" />
                <condition number="243" type="jump" coverage="100%" />
              </conditions>
            </line>
            <line number="138" hits="1" branch="False" />
            <line number="139" hits="1" branch="True" condition-coverage="50% (2/4)">
              <conditions>
                <condition number="257" type="jump" coverage="50%" />
                <condition number="280" type="jump" coverage="50%" />
              </conditions>
            </line>
            <line number="140" hits="1" branch="False" />
            <line number="141" hits="1" branch="True" condition-coverage="50% (1/2)">
              <conditions>
                <condition number="308" type="jump" coverage="50%" />
              </conditions>
            </line>
            <line number="142" hits="1" branch="False" />
            <line number="143" hits="0" branch="False" />
            <line number="144" hits="0" branch="False" />
            <line number="147" hits="1" branch="True" condition-coverage="50% (2/4)">
              <conditions>
                <condition number="327" type="jump" coverage="50%" />
                <condition number="350" type="jump" coverage="50%" />
              </conditions>
            </line>
            <line number="148" hits="0" branch="False" />
            <line number="149" hits="0" branch="True" condition-coverage="0% (0/2)">
              <conditions>
                <condition number="378" type="jump" coverage="0%" />
              </conditions>
            </line>
            <line number="150" hits="0" branch="False" />
            <line number="151" hits="0" branch="False" />
            <line number="152" hits="1" branch="False" />
            <line number="154" hits="1" branch="False" />
            <line number="155" hits="4" branch="False" />
            <line number="168" hits="3" branch="False" />
            <line number="169" hits="3" branch="False" />
            <line number="170" hits="3" branch="False" />
            <line number="171" hits="3" branch="False" />
            <line number="172" hits="3" branch="False" />
            <line number="173" hits="3" branch="False" />
            <line number="174" hits="3" branch="False" />
            <line number="175" hits="3" branch="False" />
            <line number="176" hits="3" branch="False" />
            <line number="177" hits="3" branch="False" />
            <line number="189" hits="6" branch="False" />
            <line number="190" hits="6" branch="True" condition-coverage="50% (1/2)">
              <conditions>
                <condition number="14" type="jump" coverage="50%" />
              </conditions>
            </line>
            <line number="191" hits="6" branch="False" />
            <line number="192" hits="6" branch="False" />
            <line number="193" hits="6" branch="False" />
            <line number="194" hits="6" branch="False" />
            <line number="195" hits="6" branch="False" />
            <line number="196" hits="6" branch="False" />
            <line number="197" hits="6" branch="False" />
            <line number="198" hits="6" branch="False" />
            <line number="199" hits="6" branch="False" />
            <line number="211" hits="5" branch="False" />
            <line number="212" hits="5" branch="False" />
            <line number="213" hits="5" branch="False" />
            <line number="214" hits="5" branch="False" />
            <line number="215" hits="5" branch="False" />
            <line number="216" hits="5" branch="False" />
            <line number="217" hits="5" branch="False" />
            <line number="218" hits="5" branch="False" />
            <line number="219" hits="5" branch="False" />
            <line number="230" hits="4" branch="False" />
            <line number="231" hits="4" branch="False" />
            <line number="232" hits="4" branch="False" />
            <line number="233" hits="4" branch="False" />
            <line number="234" hits="4" branch="False" />
            <line number="235" hits="4" branch="False" />
            <line number="236" hits="4" branch="False" />
            <line number="237" hits="4" branch="False" />
            <line number="249" hits="5" branch="False" />
            <line number="250" hits="5" branch="False" />
            <line number="251" hits="5" branch="False" />
            <line number="252" hits="5" branch="False" />
            <line number="253" hits="5" branch="False" />
            <line number="254" hits="5" branch="False" />
            <line number="255" hits="5" branch="False" />
            <line number="256" hits="5" branch="False" />
            <line number="257" hits="5" branch="False" />
            <line number="258" hits="5" branch="False" />
            <line number="264" hits="5" branch="False" />
            <line number="265" hits="5" branch="True" condition-coverage="62.5% (5/8)">
              <conditions>
                <condition number="15" type="switch" coverage="62.5%" />
              </conditions>
            </line>
            <line number="266" hits="5" branch="False" />
            <line number="267" hits="1" branch="False" />
            <line number="268" hits="1" branch="False" />
            <line number="269" hits="1" branch="False" />
            <line number="270" hits="1" branch="False" />
            <line number="271" hits="0" branch="False" />
            <line number="272" hits="1" branch="False" />
            <line number="273" hits="0" branch="False" />
            <line number="274" hits="0" branch="False" />
            <line number="275" hits="5" branch="False" />
            <line number="276" hits="5" branch="False" />
            <line number="282" hits="5" branch="False" />
            <line number="283" hits="5" branch="True" condition-coverage="62.5% (5/8)">
              <conditions>
                <condition number="15" type="switch" coverage="62.5%" />
              </conditions>
            </line>
            <line number="284" hits="5" branch="False" />
            <line number="285" hits="1" branch="False" />
            <line number="286" hits="1" branch="False" />
            <line number="287" hits="1" branch="False" />
            <line number="288" hits="1" branch="False" />
            <line number="289" hits="0" branch="False" />
            <line number="290" hits="1" branch="False" />
            <line number="291" hits="0" branch="False" />
            <line number="292" hits="0" branch="False" />
            <line number="293" hits="5" branch="False" />
            <line number="294" hits="5" branch="False" />
            <line number="297" hits="27" branch="False" />
            <line number="299" hits="27" branch="True" condition-coverage="100% (6/6)">
              <conditions>
                <condition number="13" type="switch" coverage="100%" />
              </conditions>
            </line>
            <line number="302" hits="8" branch="True" condition-coverage="100% (2/2)">
              <conditions>
                <condition number="53" type="jump" coverage="100%" />
              </conditions>
            </line>
            <line number="303" hits="2" branch="False" />
            <line number="304" hits="6" branch="False" />
            <line number="307" hits="6" branch="True" condition-coverage="100% (2/2)">
              <conditions>
                <condition number="81" type="jump" coverage="100%" />
              </conditions>
            </line>
            <line number="308" hits="1" branch="False" />
            <line number="309" hits="5" branch="False" />
            <line number="312" hits="6" branch="True" condition-coverage="100% (2/2)">
              <conditions>
                <condition number="111" type="jump" coverage="100%" />
              </conditions>
            </line>
            <line number="313" hits="1" branch="False" />
            <line number="314" hits="5" branch="False" />
            <line number="318" hits="23" branch="True" condition-coverage="75% (3/4)">
              <conditions>
                <condition number="132" type="jump" coverage="100%" />
                <condition number="152" type="jump" coverage="50%" />
              </conditions>
            </line>
            <line number="319" hits="0" branch="False" />
            <line number="320" hits="23" branch="False" />
            <line number="323" hits="3" branch="False" />
            <line number="325" hits="3" branch="True" condition-coverage="50% (1/2)">
              <conditions>
                <condition number="7" type="jump" coverage="50%" />
              </conditions>
            </line>
            <line number="326" hits="3" branch="False" />
            <line number="329" hits="0" branch="False" />
            <line number="330" hits="0" branch="False" />
            <line number="331" hits="0" branch="False" />
            <line number="332" hits="0" branch="False" />
            <line number="333" hits="0" branch="False" />
            <line number="334" hits="0" branch="False" />
            <line number="335" hits="0" branch="False" />
            <line number="336" hits="0" branch="False" />
            <line number="337" hits="0" branch="False" />
            <line number="338" hits="0" branch="False" />
            <line number="339" hits="0" branch="False" />
            <line number="340" hits="0" branch="False" />
            <line number="341" hits="0" branch="False" />
            <line number="342" hits="0" branch="False" />
            <line number="343" hits="0" branch="False" />
            <line number="344" hits="0" branch="False" />
            <line number="345" hits="0" branch="False" />
            <line number="346" hits="0" branch="False" />
            <line number="347" hits="0" branch="False" />
            <line number="348" hits="0" branch="False" />
            <line number="349" hits="0" branch="False" />
            <line number="350" hits="0" branch="False" />
            <line number="351" hits="0" branch="False" />
            <line number="352" hits="0" branch="False" />
            <line number="353" hits="0" branch="False" />
            <line number="354" hits="0" branch="False" />
            <line number="355" hits="0" branch="False" />
            <line number="357" hits="0" branch="True" condition-coverage="0% (0/2)">
              <conditions>
                <condition number="187" type="jump" coverage="0%" />
              </conditions>
            </line>
            <line number="358" hits="3" branch="False" />
            <line number="89" hits="27" branch="False" />
            <line number="90" hits="27" branch="False" />
            <line number="91" hits="27" branch="False" />
            <line number="92" hits="27" branch="False" />
            <line number="93" hits="27" branch="False" />
            <line number="94" hits="27" branch="False" />
            <line number="95" hits="27" branch="False" />
            <line number="96" hits="27" branch="False" />
            <line number="97" hits="27" branch="False" />
            <line number="98" hits="27" branch="False" />
            <line number="99" hits="27" branch="False" />
            <line number="100" hits="27" branch="False" />
            <line number="101" hits="27" branch="False" />
            <line number="103" hits="27" branch="False" />
            <line number="104" hits="23" branch="False" />
          </lines>
        </class>
        <class name="Ergoplanner.Domain.ValueObjects.LayerMetadata" filename="ValueObjects\LayerMetadata.cs" line-rate="0" branch-rate="0" complexity="80">
          <methods>
            <method name="get_Revision" signature="()" line-rate="0" branch-rate="1" complexity="1">
              <lines>
                <line number="14" hits="0" branch="False" />
              </lines>
            </method>
            <method name="get_Category" signature="()" line-rate="0" branch-rate="1" complexity="1">
              <lines>
                <line number="19" hits="0" branch="False" />
              </lines>
            </method>
            <method name="get_Tags" signature="()" line-rate="0" branch-rate="1" complexity="1">
              <lines>
                <line number="24" hits="0" branch="False" />
              </lines>
            </method>
            <method name="get_CustomProperties" signature="()" line-rate="0" branch-rate="1" complexity="1">
              <lines>
                <line number="29" hits="0" branch="False" />
              </lines>
            </method>
            <method name="get_CreationContext" signature="()" line-rate="0" branch-rate="1" complexity="1">
              <lines>
                <line number="34" hits="0" branch="False" />
              </lines>
            </method>
            <method name="get_PrintSettings" signature="()" line-rate="0" branch-rate="1" complexity="1">
              <lines>
                <line number="39" hits="0" branch="False" />
              </lines>
            </method>
            <method name="get_ExportSettings" signature="()" line-rate="0" branch-rate="1" complexity="1">
              <lines>
                <line number="44" hits="0" branch="False" />
              </lines>
            </method>
            <method name="get_ValidationRules" signature="()" line-rate="0" branch-rate="1" complexity="1">
              <lines>
                <line number="49" hits="0" branch="False" />
              </lines>
            </method>
            <method name="get_LayerBehavior" signature="()" line-rate="0" branch-rate="1" complexity="1">
              <lines>
                <line number="54" hits="0" branch="False" />
              </lines>
            </method>
            <method name="Empty" signature="()" line-rate="0" branch-rate="1" complexity="1">
              <lines>
                <line number="82" hits="0" branch="False" />
                <line number="83" hits="0" branch="False" />
                <line number="84" hits="0" branch="False" />
              </lines>
            </method>
            <method name="ForPiping" signature="(System.String,System.String)" line-rate="0" branch-rate="0" complexity="4">
              <lines>
                <line number="90" hits="0" branch="False" />
                <line number="91" hits="0" branch="False" />
                <line number="92" hits="0" branch="True" condition-coverage="0% (0/2)">
                  <conditions>
                    <condition number="18" type="jump" coverage="0%" />
                  </conditions>
                </line>
                <line number="93" hits="0" branch="False" />
                <line number="94" hits="0" branch="True" condition-coverage="0% (0/2)">
                  <conditions>
                    <condition number="44" type="jump" coverage="0%" />
                  </conditions>
                </line>
                <line number="95" hits="0" branch="False" />
                <line number="97" hits="0" branch="False" />
                <line number="98" hits="0" branch="False" />
                <line number="99" hits="0" branch="False" />
                <line number="100" hits="0" branch="False" />
                <line number="101" hits="0" branch="False" />
                <line number="102" hits="0" branch="False" />
                <line number="103" hits="0" branch="False" />
              </lines>
            </method>
            <method name="ForInstrumentation" signature="(System.String)" line-rate="0" branch-rate="0" complexity="2">
              <lines>
                <line number="109" hits="0" branch="False" />
                <line number="110" hits="0" branch="False" />
                <line number="111" hits="0" branch="True" condition-coverage="0% (0/2)">
                  <conditions>
                    <condition number="18" type="jump" coverage="0%" />
                  </conditions>
                </line>
                <line number="112" hits="0" branch="False" />
                <line number="114" hits="0" branch="False" />
                <line number="115" hits="0" branch="False" />
                <line number="116" hits="0" branch="False" />
                <line number="117" hits="0" branch="False" />
                <line number="118" hits="0" branch="False" />
                <line number="119" hits="0" branch="False" />
                <line number="120" hits="0" branch="False" />
              </lines>
            </method>
            <method name="ForAnnotation" signature="()" line-rate="0" branch-rate="1" complexity="1">
              <lines>
                <line number="126" hits="0" branch="False" />
                <line number="127" hits="0" branch="False" />
                <line number="128" hits="0" branch="False" />
                <line number="129" hits="0" branch="False" />
[...]
                </line>
                <line number="393" hits="0" branch="True" condition-coverage="0% (0/2)">
                  <conditions>
                    <condition number="42" type="jump" coverage="0%" />
                  </conditions>
                </line>
                <line number="394" hits="0" branch="False" />
                <line number="395" hits="1" branch="False" />
              </lines>
            </method>
            <method name="Equals" signature="(System.Object)" line-rate="0" branch-rate="1" complexity="1">
              <lines>
                <line number="397" hits="0" branch="False" />
              </lines>
            </method>
            <method name="GetHashCode" signature="()" line-rate="0" branch-rate="1" complexity="1">
              <lines>
                <line number="399" hits="0" branch="False" />
              </lines>
            </method>
            <method name=".ctor" signature="(System.String,System.String,System.DateTime,System.Nullable`1&lt;System.DateTime&gt;,System.String,System.String)" line-rate="0.826" branch-rate="0.5" complexity="12">
              <lines>
                <line number="337" hits="6" branch="False" />
                <line number="338" hits="6" branch="False" />
                <line number="339" hits="6" branch="False" />
                <line number="340" hits="6" branch="False" />
                <line number="341" hits="6" branch="False" />
                <line number="342" hits="6" branch="False" />
                <line number="343" hits="6" branch="False" />
                <line number="344" hits="6" branch="False" />
                <line number="345" hits="6" branch="True" condition-coverage="50% (1/2)">
                  <conditions>
                    <condition number="16" type="jump" coverage="50%" />
                  </conditions>
                </line>
                <line number="346" hits="0" branch="False" />
                <line number="348" hits="6" branch="True" condition-coverage="50% (1/2)">
                  <conditions>
                    <condition number="42" type="jump" coverage="50%" />
                  </conditions>
                </line>
                <line number="349" hits="0" branch="False" />
                <line number="351" hits="6" branch="True" condition-coverage="50% (1/2)">
                  <conditions>
                    <condition number="69" type="jump" coverage="50%" />
                  </conditions>
                </line>
                <line number="352" hits="0" branch="False" />
                <line number="354" hits="6" branch="True" condition-coverage="50% (3/6)">
                  <conditions>
                    <condition number="94" type="jump" coverage="50%" />
                    <condition number="110" type="jump" coverage="50%" />
                    <condition number="134" type="jump" coverage="50%" />
                  </conditions>
                </line>
                <line number="355" hits="0" branch="False" />
                <line number="357" hits="6" branch="False" />
                <line number="358" hits="6" branch="False" />
                <line number="359" hits="6" branch="False" />
                <line number="360" hits="6" branch="False" />
                <line number="361" hits="6" branch="False" />
                <line number="362" hits="6" branch="False" />
                <line number="363" hits="6" branch="False" />
              </lines>
            </method>
          </methods>
          <lines>
            <line number="310" hits="4" branch="False" />
            <line number="315" hits="0" branch="False" />
            <line number="320" hits="0" branch="False" />
            <line number="325" hits="6" branch="False" />
            <line number="330" hits="0" branch="False" />
            <line number="335" hits="0" branch="False" />
            <line number="369" hits="3" branch="False" />
            <line number="370" hits="3" branch="True" condition-coverage="50% (1/2)">
              <conditions>
                <condition number="20" type="jump" coverage="50%" />
              </conditions>
            </line>
            <line number="371" hits="0" branch="False" />
            <line number="373" hits="3" branch="False" />
            <line number="374" hits="3" branch="False" />
            <line number="380" hits="0" branch="False" />
            <line number="381" hits="0" branch="True" condition-coverage="0% (0/2)">
              <conditions>
                <condition number="20" type="jump" coverage="0%" />
              </conditions>
            </line>
            <line number="382" hits="0" branch="False" />
            <line number="384" hits="0" branch="False" />
            <line number="385" hits="0" branch="True" condition-coverage="0% (0/2)">
              <conditions>
                <condition number="70" type="jump" coverage="0%" />
              </conditions>
            </line>
            <line number="386" hits="0" branch="False" />
            <line number="389" hits="1" branch="False" />
            <line number="390" hits="1" branch="True" condition-coverage="50% (1/2)">
              <conditions>
                <condition number="7" type="jump" coverage="50%" />
              </conditions>
            </line>
            <line number="391" hits="2" branch="True" condition-coverage="50% (1/2)">
              <conditions>
                <condition number="19" type="jump" coverage="50%" />
              </conditions>
            </line>
            <line number="393" hits="0" branch="True" condition-coverage="0% (0/2)">
              <conditions>
                <condition number="42" type="jump" coverage="0%" />
              </conditions>
            </line>
            <line number="394" hits="0" branch="False" />
            <line number="395" hits="1" branch="False" />
            <line number="397" hits="0" branch="False" />
            <line number="399" hits="0" branch="False" />
            <line number="337" hits="6" branch="False" />
            <line number="338" hits="6" branch="False" />
            <line number="339" hits="6" branch="False" />
            <line number="340" hits="6" branch="False" />
            <line number="341" hits="6" branch="False" />
            <line number="342" hits="6" branch="False" />
            <line number="343" hits="6" branch="False" />
            <line number="344" hits="6" branch="False" />
            <line number="345" hits="6" branch="True" condition-coverage="50% (1/2)">
              <conditions>
                <condition number="16" type="jump" coverage="50%" />
              </conditions>
            </line>
            <line number="346" hits="0" branch="False" />
            <line number="348" hits="6" branch="True" condition-coverage="50% (1/2)">
              <conditions>
                <condition number="42" type="jump" coverage="50%" />
              </conditions>
            </line>
            <line number="349" hits="0" branch="False" />
            <line number="351" hits="6" branch="True" condition-coverage="50% (1/2)">
              <conditions>
                <condition number="69" type="jump" coverage="50%" />
              </conditions>
            </line>
            <line number="352" hits="0" branch="False" />
            <line number="354" hits="6" branch="True" condition-coverage="50% (3/6)">
              <conditions>
                <condition number="94" type="jump" coverage="50%" />
                <condition number="110" type="jump" coverage="50%" />
                <condition number="134" type="jump" coverage="50%" />
              </conditions>
            </line>
            <line number="355" hits="0" branch="False" />
            <line number="357" hits="6" branch="False" />
            <line number="358" hits="6" branch="False" />
            <line number="359" hits="6" branch="False" />
            <line number="360" hits="6" branch="False" />
            <line number="361" hits="6" branch="False" />
            <line number="362" hits="6" branch="False" />
            <line number="363" hits="6" branch="False" />
          </lines>
        </class>
        <class name="Ergoplanner.Domain.Entities.EquipmentSpecification" filename="Entities\WaterCompanySymbol.cs" line-rate="0.7585999999999999" branch-rate="0.5" complexity="10">
          <methods>
            <method name="get_EquipmentType" signature="()" line-rate="1" branch-rate="1" complexity="1">
              <lines>
                <line number="410" hits="1" branch="False" />
              </lines>
            </method>
            <method name="get_Capacity" signature="()" line-rate="0" branch-rate="1" complexity="1">
              <lines>
                <line number="415" hits="0" branch="False" />
              </lines>
            </method>
            <method name="get_PowerRequirement" signature="()" line-rate="1" branch-rate="1" complexity="1">
              <lines>
                <line number="420" hits="1" branch="False" />
              </lines>
            </method>
            <method name="get_Efficiency" signature="()" line-rate="0" branch-rate="1" complexity="1">
              <lines>
                <line number="425" hits="0" branch="False" />
              </lines>
            </method>
            <method name="get_NoiseLevel" signature="()" line-rate="0" branch-rate="1" complexity="1">
              <lines>
                <line number="430" hits="0" branch="False" />
              </lines>
            </method>
            <method name="get_Weight" signature="()" line-rate="0" branch-rate="1" complexity="1">
              <lines>
                <line number="435" hits="0" branch="False" />
              </lines>
            </method>
            <method name="get_ServiceLife" signature="()" line-rate="0" branch-rate="1" complexity="1">
              <lines>
                <line number="440" hits="0" branch="False" />
              </lines>
            </method>
            <method name="get_MaintenanceInterval" signature="()" line-rate="0" branch-rate="1" complexity="1">
              <lines>
                <line number="445" hits="0" branch="False" />
              </lines>
            </method>
            <method name=".ctor" signature="(System.String,System.String,System.Nullable`1&lt;System.Double&gt;,System.Nullable`1&lt;System.Double&gt;,System.Nullable`1&lt;System.Double&gt;,System.Nullable`1&lt;System.Double&gt;,System.Nullable`1&lt;System.Int32&gt;,System.Nullable`1&lt;System.Int32&gt;)" line-rate="0.9523" branch-rate="0.5" complexity="2">
              <lines>
                <line number="447" hits="1" branch="False" />
                <line number="448" hits="1" branch="False" />
                <line number="449" hits="1" branch="False" />
                <line number="450" hits="1" branch="False" />
                <line number="451" hits="1" branch="False" />
                <line number="452" hits="1" branch="False" />
                <line number="453" hits="1" branch="False" />
                <line number="454" hits="1" branch="False" />
                <line number="455" hits="1" branch="False" />
                <line number="456" hits="1" branch="False" />
                <line number="457" hits="1" branch="True" condition-coverage="50% (1/2)">
                  <conditions>
                    <condition number="16" type="jump" coverage="50%" />
                  </conditions>
                </line>
                <line number="458" hits="0" branch="False" />
                <line number="460" hits="1" branch="False" />
                <line number="461" hits="1" branch="False" />
                <line number="462" hits="1" branch="False" />
                <line number="463" hits="1" branch="False" />
                <line number="464" hits="1" branch="False" />
                <line number="465" hits="1" branch="False" />
                <line number="466" hits="1" branch="False" />
                <line number="467" hits="1" branch="False" />
                <line number="468" hits="1" branch="False" />
              </lines>
            </method>
          </methods>
          <lines>
            <line number="410" hits="1" branch="False" />
            <line number="415" hits="0" branch="False" />
            <line number="420" hits="1" branch="False" />
            <line number="425" hits="0" branch="False" />
            <line number="430" hits="0" branch="False" />
            <line number="435" hits="0" branch="False" />
            <line number="440" hits="0" branch="False" />
            <line number="445" hits="0" branch="False" />
            <line number="447" hits="1" branch="False" />
            <line number="448" hits="1" branch="False" />
            <line number="449" hits="1" branch="False" />
            <line number="450" hits="1" branch="False" />
            <line number="451" hits="1" branch="False" />
            <line number="452" hits="1" branch="False" />
            <line number="453" hits="1" branch="False" />
            <line number="454" hits="1" branch="False" />
            <line number="455" hits="1" branch="False" />
            <line number="456" hits="1" branch="False" />
            <line number="457" hits="1" branch="True" condition-coverage="50% (1/2)">
              <conditions>
                <condition number="16" type="jump" coverage="50%" />
              </conditions>
            </line>
            <line number="458" hits="0" branch="False" />
            <line number="460" hits="1" branch="False" />
            <line number="461" hits="1" branch="False" />
            <line number="462" hits="1" branch="False" />
            <line number="463" hits="1" branch="False" />
            <line number="464" hits="1" branch="False" />
            <line number="465" hits="1" branch="False" />
            <line number="466" hits="1" branch="False" />
            <line number="467" hits="1" branch="False" />
            <line number="468" hits="1" branch="False" />
          </lines>
        </class>
        <class name="Ergoplanner.Domain.Common.BaseEntity" filename="Common\BaseEntity.cs" line-rate="0.5357" branch-rate="1" complexity="13">
          <methods>
            <method name="get_Id" signature="()" line-rate="1" branch-rate="1" complexity="1">
              <lines>
                <line number="13" hits="45" branch="False" />
              </lines>
            </method>
            <method name="get_CreatedAt" signature="()" line-rate="1" branch-rate="1" complexity="1">
              <lines>
                <line number="18" hits="42" branch="False" />
              </lines>
            </method>
            <method name="get_CreatedBy" signature="()" line-rate="1" branch-rate="1" complexity="1">
              <lines>
                <line number="23" hits="42" branch="False" />
              </lines>
            </method>
            <method name="get_ModifiedAt" signature="()" line-rate="1" branch-rate="1" complexity="1">
              <lines>
                <line number="28" hits="35" branch="False" />
              </lines>
            </method>
            <method name="get_ModifiedBy" signature="()" line-rate="1" branch-rate="1" complexity="1">
              <lines>
                <line number="33" hits="39" branch="False" />
              </lines>
            </method>
            <method name="get_IsDeleted" signature="()" line-rate="0" branch-rate="1" complexity="1">
              <lines>
                <line number="38" hits="0" branch="False" />
              </lines>
            </method>
            <method name="get_DeletedAt" signature="()" line-rate="0" branch-rate="1" complexity="1">
              <lines>
                <line number="43" hits="0" branch="False" />
              </lines>
            </method>
            <method name="get_DeletedBy" signature="()" line-rate="0" branch-rate="1" complexity="1">
              <lines>
                <line number="48" hits="0" branch="False" />
              </lines>
            </method>
            <method name="get_RowVersion" signature="()" line-rate="1" branch-rate="1" complexity="1">
              <lines>
                <line number="53" hits="42" branch="False" />
              </lines>
            </method>
            <method name="Delete" signature="(System.String)" line-rate="0" branch-rate="1" complexity="1">
              <lines>
                <line number="65" hits="0" branch="False" />
                <line number="66" hits="0" branch="False" />
                <line number="67" hits="0" branch="False" />
                <line number="68" hits="0" branch="False" />
                <line number="69" hits="0" branch="False" />
              </lines>
            </method>
            <method name="Restore" signature="()" line-rate="0" branch-rate="1" complexity="1">
              <lines>
                <line number="75" hits="0" branch="False" />
                <line number="76" hits="0" branch="False" />
                <line number="77" hits="0" branch="False" />
                <line number="78" hits="0" branch="False" />
                <line number="79" hits="0" branch="False" />
              </lines>
            </method>
            <method name="UpdateModificationInfo" signature="(System.String)" line-rate="1" branch-rate="1" complexity="1">
              <lines>
                <line number="85" hits="34" branch="False" />
                <line number="86" hits="34" branch="False" />
                <line number="87" hits="34" branch="False" />
                <line number="88" hits="34" branch="False" />
              </lines>
            </method>
            <method name=".ctor" signature="()" line-rate="1" branch-rate="1" complexity="1">
              <lines>
                <line number="55" hits="42" branch="False" />
                <line number="56" hits="42" branch="False" />
                <line number="57" hits="42" branch="False" />
                <line number="58" hits="42" branch="False" />
                <line number="59" hits="42" branch="False" />
              </lines>
            </method>
          </methods>
          <lines>
            <line number="13" hits="45" branch="False" />
            <line number="18" hits="42" branch="False" />
            <line number="23" hits="42" branch="False" />
            <line number="28" hits="35" branch="False" />
            <line number="33" hits="39" branch="False" />
            <line number="38" hits="0" branch="False" />
            <line number="43" hits="0" branch="False" />
            <line number="48" hits="0" branch="False" />
            <line number="53" hits="42" branch="False" />
            <line number="65" hits="0" branch="False" />
            <line number="66" hits="0" branch="False" />
            <line number="67" hits="0" branch="False" />
            <line number="68" hits="0" branch="False" />
            <line number="69" hits="0" branch="False" />
            <line number="75" hits="0" branch="False" />
            <line number="76" hits="0" branch="False" />
            <line number="77" hits="0" branch="False" />
            <line number="78" hits="0" branch="False" />
            <line number="79" hits="0" branch="False" />
            <line number="85" hits="34" branch="False" />
            <line number="86" hits="34" branch="False" />
            <line number="87" hits="34" branch="False" />
            <line number="88" hits="34" branch="False" />
            <line number="55" hits="42" branch="False" />
            <line number="56" hits="42" branch="False" />
            <line number="57" hits="42" branch="False" />
            <line number="58" hits="42" branch="False" />
            <line number="59" hits="42" branch="False" />
          </lines>
        </class>
      </classes>
    </package>
  </packages>
</coverage>